\BOOKMARK [0][-]{chapter.1}{\376\377\000N\000a\000m\000e\000s\000p\000a\000c\000e\000\040\000I\000n\000d\000e\000x}{}
\BOOKMARK [1][-]{section.1.1}{\376\377\000N\000a\000m\000e\000s\000p\000a\000c\000e\000\040\000L\000i\000s\000t}{chapter.1}
\BOOKMARK [0][-]{chapter.2}{\376\377\000C\000l\000a\000s\000s\000\040\000I\000n\000d\000e\000x}{}
\BOOKMARK [1][-]{section.2.1}{\376\377\000C\000l\000a\000s\000s\000\040\000L\000i\000s\000t}{chapter.2}
\BOOKMARK [0][-]{chapter.3}{\376\377\000F\000i\000l\000e\000\040\000I\000n\000d\000e\000x}{}
\BOOKMARK [1][-]{section.3.1}{\376\377\000F\000i\000l\000e\000\040\000L\000i\000s\000t}{chapter.3}
\BOOKMARK [0][-]{chapter.4}{\376\377\000N\000a\000m\000e\000s\000p\000a\000c\000e\000\040\000D\000o\000c\000u\000m\000e\000n\000t\000a\000t\000i\000o\000n}{}
\BOOKMARK [1][-]{section.4.1}{\376\377\000D\000o\000w\000n\000l\000o\000a\000d\000M\000a\000n\000a\000g\000e\000r\000\040\000N\000a\000m\000e\000s\000p\000a\000c\000e\000\040\000R\000e\000f\000e\000r\000e\000n\000c\000e}{chapter.4}
\BOOKMARK [2][-]{subsection.4.1.1}{\376\377\000F\000u\000n\000c\000t\000i\000o\000n\000\040\000D\000o\000c\000u\000m\000e\000n\000t\000a\000t\000i\000o\000n}{section.4.1}
\BOOKMARK [3][-]{subsubsection.4.1.1.1}{\376\377\000a\000d\000d}{subsection.4.1.1}
\BOOKMARK [3][-]{subsubsection.4.1.1.2}{\376\377\000b\000u\000i\000l\000d\000X\000M\000L}{subsection.4.1.1}
\BOOKMARK [3][-]{subsubsection.4.1.1.3}{\376\377\000c\000l\000e\000a\000r\000L\000i\000s\000t}{subsection.4.1.1}
\BOOKMARK [3][-]{subsubsection.4.1.1.4}{\376\377\000d\000i\000s\000p\000a\000t\000c\000h}{subsection.4.1.1}
\BOOKMARK [3][-]{subsubsection.4.1.1.5}{\376\377\000d\000o\000w\000n\000l\000o\000a\000d\000F\000i\000r\000s\000t\000I\000n\000L\000i\000s\000t}{subsection.4.1.1}
\BOOKMARK [3][-]{subsubsection.4.1.1.6}{\376\377\000g\000e\000t\000D\000o\000w\000n\000l\000o\000a\000d\000D\000i\000r\000e\000c\000t\000o\000r\000y}{subsection.4.1.1}
\BOOKMARK [3][-]{subsubsection.4.1.1.7}{\376\377\000g\000e\000t\000D\000o\000w\000n\000l\000o\000a\000d\000s}{subsection.4.1.1}
\BOOKMARK [3][-]{subsubsection.4.1.1.8}{\376\377\000g\000e\000t\000I\000n\000d\000e\000x\000F\000r\000o\000m\000H\000a\000s\000h}{subsection.4.1.1}
\BOOKMARK [3][-]{subsubsection.4.1.1.9}{\376\377\000i\000n\000i\000t}{subsection.4.1.1}
\BOOKMARK [3][-]{subsubsection.4.1.1.10}{\376\377\000p\000a\000u\000s\000e\000D\000o\000w\000n\000l\000o\000a\000d}{subsection.4.1.1}
\BOOKMARK [3][-]{subsubsection.4.1.1.11}{\376\377\000r\000e\000m\000o\000v\000e\000F\000r\000o\000m\000D\000i\000s\000k}{subsection.4.1.1}
\BOOKMARK [3][-]{subsubsection.4.1.1.12}{\376\377\000r\000e\000m\000o\000v\000e\000F\000r\000o\000m\000L\000i\000s\000t}{subsection.4.1.1}
\BOOKMARK [3][-]{subsubsection.4.1.1.13}{\376\377\000r\000e\000s\000u\000m\000e\000D\000o\000w\000n\000l\000o\000a\000d}{subsection.4.1.1}
\BOOKMARK [3][-]{subsubsection.4.1.1.14}{\376\377\000s\000e\000t\000A\000c\000t\000i\000v\000e\000D\000o\000w\000n\000l\000o\000a\000d}{subsection.4.1.1}
\BOOKMARK [3][-]{subsubsection.4.1.1.15}{\376\377\000s\000e\000t\000D\000o\000w\000n\000l\000o\000a\000d\000D\000i\000r\000e\000c\000t\000o\000r\000y}{subsection.4.1.1}
\BOOKMARK [3][-]{subsubsection.4.1.1.16}{\376\377\000s\000t\000a\000r\000t\000D\000o\000w\000n\000l\000o\000a\000d}{subsection.4.1.1}
\BOOKMARK [3][-]{subsubsection.4.1.1.17}{\376\377\000s\000t\000a\000r\000t\000S\000t\000r\000e\000a\000m}{subsection.4.1.1}
\BOOKMARK [3][-]{subsubsection.4.1.1.18}{\376\377\000s\000t\000a\000r\000t\000S\000t\000r\000e\000a\000m\000T\000h\000r\000e\000a\000d}{subsection.4.1.1}
\BOOKMARK [3][-]{subsubsection.4.1.1.19}{\376\377\000s\000t\000o\000p\000S\000t\000r\000e\000a\000m}{subsection.4.1.1}
\BOOKMARK [3][-]{subsubsection.4.1.1.20}{\376\377\000s\000w\000i\000t\000c\000h\000D\000o\000w\000n\000l\000o\000a\000d}{subsection.4.1.1}
\BOOKMARK [3][-]{subsubsection.4.1.1.21}{\376\377\000u\000p\000d\000a\000t\000e\000D\000o\000w\000n\000l\000o\000a\000d\000S\000t\000a\000t\000i\000s\000t\000i\000c\000s}{subsection.4.1.1}
\BOOKMARK [2][-]{subsection.4.1.2}{\376\377\000V\000a\000r\000i\000a\000b\000l\000e\000\040\000D\000o\000c\000u\000m\000e\000n\000t\000a\000t\000i\000o\000n}{section.4.1}
\BOOKMARK [3][-]{subsubsection.4.1.2.1}{\376\377\000a\000c\000t\000i\000v\000e\000\137\000d\000o\000w\000n\000l\000o\000a\000d}{subsection.4.1.2}
\BOOKMARK [3][-]{subsubsection.4.1.2.2}{\376\377\000a\000c\000t\000i\000v\000e\000\137\000d\000o\000w\000n\000l\000o\000a\000d\000\137\000m\000u\000t\000e\000x}{subsection.4.1.2}
\BOOKMARK [3][-]{subsubsection.4.1.2.3}{\376\377\000d\000\137\000p\000i\000d}{subsection.4.1.2}
\BOOKMARK [3][-]{subsubsection.4.1.2.4}{\376\377\000d\000o\000c}{subsection.4.1.2}
\BOOKMARK [3][-]{subsubsection.4.1.2.5}{\376\377\000d\000o\000w\000n\000l\000o\000a\000d\000\137\000d\000i\000r\000e\000c\000t\000o\000r\000y}{subsection.4.1.2}
\BOOKMARK [3][-]{subsubsection.4.1.2.6}{\376\377\000d\000o\000w\000n\000l\000o\000a\000d\000e\000d}{subsection.4.1.2}
\BOOKMARK [3][-]{subsubsection.4.1.2.7}{\376\377\000d\000o\000w\000n\000l\000o\000a\000d\000s}{subsection.4.1.2}
\BOOKMARK [3][-]{subsubsection.4.1.2.8}{\376\377\000e\000v\000c\000o\000m\000p\000l}{subsection.4.1.2}
\BOOKMARK [3][-]{subsubsection.4.1.2.9}{\376\377\000m\000u\000t\000e\000x}{subsection.4.1.2}
\BOOKMARK [3][-]{subsubsection.4.1.2.10}{\376\377\000s\000t\000r\000e\000a\000m\000i\000n\000g\000\137\000t\000h\000r\000e\000a\000d}{subsection.4.1.2}
\BOOKMARK [3][-]{subsubsection.4.1.2.11}{\376\377\000t\000h\000r\000e\000a\000d}{subsection.4.1.2}
\BOOKMARK [3][-]{subsubsection.4.1.2.12}{\376\377\000u\000p\000l\000o\000a\000d\000e\000d}{subsection.4.1.2}
\BOOKMARK [1][-]{section.4.2}{\376\377\000H\000t\000t\000p\000S\000e\000r\000v\000e\000r\000\040\000N\000a\000m\000e\000s\000p\000a\000c\000e\000\040\000R\000e\000f\000e\000r\000e\000n\000c\000e}{chapter.4}
\BOOKMARK [2][-]{subsection.4.2.1}{\376\377\000F\000u\000n\000c\000t\000i\000o\000n\000\040\000D\000o\000c\000u\000m\000e\000n\000t\000a\000t\000i\000o\000n}{section.4.2}
\BOOKMARK [3][-]{subsubsection.4.2.1.1}{\376\377\000h\000a\000n\000d\000l\000e\000R\000e\000q\000u\000e\000s\000t}{subsection.4.2.1}
\BOOKMARK [3][-]{subsubsection.4.2.1.2}{\376\377\000i\000n\000i\000t}{subsection.4.2.1}
\BOOKMARK [3][-]{subsubsection.4.2.1.3}{\376\377\000s\000e\000n\000d\000R\000e\000s\000p\000o\000n\000s\000e}{subsection.4.2.1}
\BOOKMARK [3][-]{subsubsection.4.2.1.4}{\376\377\000s\000e\000n\000d\000X\000M\000L\000R\000e\000s\000p\000o\000n\000s\000e}{subsection.4.2.1}
\BOOKMARK [2][-]{subsection.4.2.2}{\376\377\000V\000a\000r\000i\000a\000b\000l\000e\000\040\000D\000o\000c\000u\000m\000e\000n\000t\000a\000t\000i\000o\000n}{section.4.2}
\BOOKMARK [3][-]{subsubsection.4.2.2.1}{\376\377\000b\000a\000s\000e}{subsection.4.2.2}
\BOOKMARK [1][-]{section.4.3}{\376\377\000S\000e\000a\000r\000c\000h\000E\000n\000g\000i\000n\000e\000\040\000N\000a\000m\000e\000s\000p\000a\000c\000e\000\040\000R\000e\000f\000e\000r\000e\000n\000c\000e}{chapter.4}
\BOOKMARK [2][-]{subsection.4.3.1}{\376\377\000F\000u\000n\000c\000t\000i\000o\000n\000\040\000D\000o\000c\000u\000m\000e\000n\000t\000a\000t\000i\000o\000n}{section.4.3}
\BOOKMARK [3][-]{subsubsection.4.3.1.1}{\376\377\000g\000e\000t\000R\000e\000s\000u\000l\000t\000s}{subsection.4.3.1}
\BOOKMARK [3][-]{subsubsection.4.3.1.2}{\376\377\000g\000e\000t\000R\000e\000s\000u\000l\000t\000W\000i\000t\000h\000H\000a\000s\000h}{subsection.4.3.1}
\BOOKMARK [3][-]{subsubsection.4.3.1.3}{\376\377\000g\000e\000t\000R\000e\000s\000u\000l\000t\000W\000i\000t\000h\000N\000a\000m\000e}{subsection.4.3.1}
\BOOKMARK [3][-]{subsubsection.4.3.1.4}{\376\377\000s\000e\000a\000r\000c\000h}{subsection.4.3.1}
\BOOKMARK [2][-]{subsection.4.3.2}{\376\377\000V\000a\000r\000i\000a\000b\000l\000e\000\040\000D\000o\000c\000u\000m\000e\000n\000t\000a\000t\000i\000o\000n}{section.4.3}
\BOOKMARK [3][-]{subsubsection.4.3.2.1}{\376\377\000s\000e\000a\000r\000c\000h\000\137\000r\000e\000s\000u\000l\000t\000s}{subsection.4.3.2}
\BOOKMARK [0][-]{chapter.5}{\376\377\000C\000l\000a\000s\000s\000\040\000D\000o\000c\000u\000m\000e\000n\000t\000a\000t\000i\000o\000n}{}
\BOOKMARK [1][-]{section.5.1}{\376\377\000D\000o\000w\000n\000l\000o\000a\000d\000\040\000C\000l\000a\000s\000s\000\040\000R\000e\000f\000e\000r\000e\000n\000c\000e}{chapter.5}
\BOOKMARK [2][-]{subsection.5.1.1}{\376\377\000D\000e\000t\000a\000i\000l\000e\000d\000\040\000D\000e\000s\000c\000r\000i\000p\000t\000i\000o\000n}{section.5.1}
\BOOKMARK [2][-]{subsection.5.1.2}{\376\377\000C\000o\000n\000s\000t\000r\000u\000c\000t\000o\000r\000\040\000\046\000\040\000D\000e\000s\000t\000r\000u\000c\000t\000o\000r\000\040\000D\000o\000c\000u\000m\000e\000n\000t\000a\000t\000i\000o\000n}{section.5.1}
\BOOKMARK [3][-]{subsubsection.5.1.2.1}{\376\377\000D\000o\000w\000n\000l\000o\000a\000d}{subsection.5.1.2}
\BOOKMARK [3][-]{subsubsection.5.1.2.2}{\376\377\000D\000o\000w\000n\000l\000o\000a\000d}{subsection.5.1.2}
\BOOKMARK [2][-]{subsection.5.1.3}{\376\377\000M\000e\000m\000b\000e\000r\000\040\000F\000u\000n\000c\000t\000i\000o\000n\000\040\000D\000o\000c\000u\000m\000e\000n\000t\000a\000t\000i\000o\000n}{section.5.1}
\BOOKMARK [3][-]{subsubsection.5.1.3.1}{\376\377\000c\000a\000l\000c\000u\000l\000a\000t\000e\000E\000s\000t\000i\000m\000a\000t\000e\000d\000T\000i\000m\000e}{subsection.5.1.3}
\BOOKMARK [3][-]{subsubsection.5.1.3.2}{\376\377\000c\000a\000l\000c\000u\000l\000a\000t\000e\000R\000a\000t\000i\000o}{subsection.5.1.3}
\BOOKMARK [3][-]{subsubsection.5.1.3.3}{\376\377\000g\000e\000t\000F\000i\000l\000e\000n\000a\000m\000e}{subsection.5.1.3}
\BOOKMARK [3][-]{subsubsection.5.1.3.4}{\376\377\000g\000e\000t\000I\000D}{subsection.5.1.3}
\BOOKMARK [3][-]{subsubsection.5.1.3.5}{\376\377\000g\000e\000t\000R\000o\000o\000t\000H\000a\000s\000h}{subsection.5.1.3}
\BOOKMARK [3][-]{subsubsection.5.1.3.6}{\376\377\000g\000e\000t\000S\000t\000a\000t\000i\000s\000t\000i\000c\000s}{subsection.5.1.3}
\BOOKMARK [3][-]{subsubsection.5.1.3.7}{\376\377\000g\000e\000t\000S\000t\000a\000t\000u\000s}{subsection.5.1.3}
\BOOKMARK [3][-]{subsubsection.5.1.3.8}{\376\377\000g\000e\000t\000T\000r\000a\000c\000k\000e\000r\000A\000d\000d\000r\000e\000s\000s}{subsection.5.1.3}
\BOOKMARK [3][-]{subsubsection.5.1.3.9}{\376\377\000p\000a\000u\000s\000e}{subsection.5.1.3}
\BOOKMARK [3][-]{subsubsection.5.1.3.10}{\376\377\000r\000e\000s\000u\000m\000e}{subsection.5.1.3}
\BOOKMARK [3][-]{subsubsection.5.1.3.11}{\376\377\000r\000e\000t\000r\000y}{subsection.5.1.3}
\BOOKMARK [3][-]{subsubsection.5.1.3.12}{\376\377\000s\000e\000t\000D\000o\000w\000n\000l\000o\000a\000d\000A\000m\000o\000u\000n\000t}{subsection.5.1.3}
\BOOKMARK [3][-]{subsubsection.5.1.3.13}{\376\377\000s\000e\000t\000D\000o\000w\000n\000l\000o\000a\000d\000S\000p\000e\000e\000d}{subsection.5.1.3}
\BOOKMARK [3][-]{subsubsection.5.1.3.14}{\376\377\000s\000e\000t\000I\000D}{subsection.5.1.3}
\BOOKMARK [3][-]{subsubsection.5.1.3.15}{\376\377\000s\000e\000t\000P\000e\000e\000r\000s}{subsection.5.1.3}
\BOOKMARK [3][-]{subsubsection.5.1.3.16}{\376\377\000s\000e\000t\000P\000r\000o\000g\000r\000e\000s\000s}{subsection.5.1.3}
\BOOKMARK [3][-]{subsubsection.5.1.3.17}{\376\377\000s\000e\000t\000S\000e\000e\000d\000e\000r\000s}{subsection.5.1.3}
\BOOKMARK [3][-]{subsubsection.5.1.3.18}{\376\377\000s\000e\000t\000S\000t\000a\000t\000u\000s}{subsection.5.1.3}
\BOOKMARK [3][-]{subsubsection.5.1.3.19}{\376\377\000s\000e\000t\000U\000p\000l\000o\000a\000d\000A\000m\000o\000u\000n\000t}{subsection.5.1.3}
\BOOKMARK [3][-]{subsubsection.5.1.3.20}{\376\377\000s\000e\000t\000U\000p\000l\000o\000a\000d\000S\000p\000e\000e\000d}{subsection.5.1.3}
\BOOKMARK [3][-]{subsubsection.5.1.3.21}{\376\377\000s\000t\000a\000r\000t}{subsection.5.1.3}
\BOOKMARK [3][-]{subsubsection.5.1.3.22}{\376\377\000s\000t\000o\000p}{subsection.5.1.3}
\BOOKMARK [2][-]{subsection.5.1.4}{\376\377\000M\000e\000m\000b\000e\000r\000\040\000D\000a\000t\000a\000\040\000D\000o\000c\000u\000m\000e\000n\000t\000a\000t\000i\000o\000n}{section.5.1}
\BOOKMARK [3][-]{subsubsection.5.1.4.1}{\376\377\000\137\000f\000i\000l\000e\000n\000a\000m\000e}{subsection.5.1.4}
\BOOKMARK [3][-]{subsubsection.5.1.4.2}{\376\377\000\137\000m\000u\000t\000e\000x}{subsection.5.1.4}
\BOOKMARK [3][-]{subsubsection.5.1.4.3}{\376\377\000\137\000r\000o\000o\000t\000\137\000h\000a\000s\000h}{subsection.5.1.4}
\BOOKMARK [3][-]{subsubsection.5.1.4.4}{\376\377\000\137\000s\000t\000a\000t\000s}{subsection.5.1.4}
\BOOKMARK [3][-]{subsubsection.5.1.4.5}{\376\377\000\137\000s\000t\000a\000t\000u\000s}{subsection.5.1.4}
\BOOKMARK [3][-]{subsubsection.5.1.4.6}{\376\377\000\137\000t\000r\000a\000c\000k\000e\000r}{subsection.5.1.4}
\BOOKMARK [1][-]{section.5.2}{\376\377\000D\000o\000w\000n\000l\000o\000a\000d\000:\000:\000d\000o\000w\000n\000l\000o\000a\000d\000S\000t\000a\000t\000s\000\040\000S\000t\000r\000u\000c\000t\000\040\000R\000e\000f\000e\000r\000e\000n\000c\000e}{chapter.5}
\BOOKMARK [2][-]{subsection.5.2.1}{\376\377\000D\000e\000t\000a\000i\000l\000e\000d\000\040\000D\000e\000s\000c\000r\000i\000p\000t\000i\000o\000n}{section.5.2}
\BOOKMARK [2][-]{subsection.5.2.2}{\376\377\000M\000e\000m\000b\000e\000r\000\040\000D\000a\000t\000a\000\040\000D\000o\000c\000u\000m\000e\000n\000t\000a\000t\000i\000o\000n}{section.5.2}
\BOOKMARK [3][-]{subsubsection.5.2.2.1}{\376\377\000d\000o\000w\000n\000l\000o\000a\000d\000\137\000a\000m\000o\000u\000n\000t}{subsection.5.2.2}
\BOOKMARK [3][-]{subsubsection.5.2.2.2}{\376\377\000d\000o\000w\000n\000l\000o\000a\000d\000\137\000p\000e\000r\000c\000e\000n\000t\000a\000g\000e}{subsection.5.2.2}
\BOOKMARK [3][-]{subsubsection.5.2.2.3}{\376\377\000d\000o\000w\000n\000l\000o\000a\000d\000\137\000s\000p\000e\000e\000d}{subsection.5.2.2}
\BOOKMARK [3][-]{subsubsection.5.2.2.4}{\376\377\000e\000s\000t\000i\000m\000a\000t\000e\000d}{subsection.5.2.2}
\BOOKMARK [3][-]{subsubsection.5.2.2.5}{\376\377\000i\000d}{subsection.5.2.2}
\BOOKMARK [3][-]{subsubsection.5.2.2.6}{\376\377\000p\000e\000e\000r\000s}{subsection.5.2.2}
\BOOKMARK [3][-]{subsubsection.5.2.2.7}{\376\377\000r\000a\000t\000i\000o}{subsection.5.2.2}
\BOOKMARK [3][-]{subsubsection.5.2.2.8}{\376\377\000s\000e\000e\000d\000e\000r\000s}{subsection.5.2.2}
\BOOKMARK [3][-]{subsubsection.5.2.2.9}{\376\377\000u\000p\000l\000o\000a\000d\000\137\000a\000m\000o\000u\000n\000t}{subsection.5.2.2}
\BOOKMARK [3][-]{subsubsection.5.2.2.10}{\376\377\000u\000p\000l\000o\000a\000d\000\137\000s\000p\000e\000e\000d}{subsection.5.2.2}
\BOOKMARK [1][-]{section.5.3}{\376\377\000F\000i\000l\000e\000N\000o\000t\000F\000o\000u\000n\000d\000E\000x\000c\000e\000p\000t\000i\000o\000n\000\040\000C\000l\000a\000s\000s\000\040\000R\000e\000f\000e\000r\000e\000n\000c\000e}{chapter.5}
\BOOKMARK [2][-]{subsection.5.3.1}{\376\377\000D\000e\000t\000a\000i\000l\000e\000d\000\040\000D\000e\000s\000c\000r\000i\000p\000t\000i\000o\000n}{section.5.3}
\BOOKMARK [2][-]{subsection.5.3.2}{\376\377\000M\000e\000m\000b\000e\000r\000\040\000F\000u\000n\000c\000t\000i\000o\000n\000\040\000D\000o\000c\000u\000m\000e\000n\000t\000a\000t\000i\000o\000n}{section.5.3}
\BOOKMARK [3][-]{subsubsection.5.3.2.1}{\376\377\000w\000h\000a\000t}{subsection.5.3.2}
\BOOKMARK [1][-]{section.5.4}{\376\377\000S\000e\000a\000r\000c\000h\000E\000n\000g\000i\000n\000e\000:\000:\000r\000e\000s\000u\000l\000t\000\040\000S\000t\000r\000u\000c\000t\000\040\000R\000e\000f\000e\000r\000e\000n\000c\000e}{chapter.5}
\BOOKMARK [2][-]{subsection.5.4.1}{\376\377\000D\000e\000t\000a\000i\000l\000e\000d\000\040\000D\000e\000s\000c\000r\000i\000p\000t\000i\000o\000n}{section.5.4}
\BOOKMARK [2][-]{subsection.5.4.2}{\376\377\000M\000e\000m\000b\000e\000r\000\040\000D\000a\000t\000a\000\040\000D\000o\000c\000u\000m\000e\000n\000t\000a\000t\000i\000o\000n}{section.5.4}
\BOOKMARK [3][-]{subsubsection.5.4.2.1}{\376\377\000f\000i\000l\000e\000n\000a\000m\000e}{subsection.5.4.2}
\BOOKMARK [3][-]{subsubsection.5.4.2.2}{\376\377\000h\000a\000s\000h}{subsection.5.4.2}
\BOOKMARK [3][-]{subsubsection.5.4.2.3}{\376\377\000t\000r\000a\000c\000k\000e\000r}{subsection.5.4.2}
\BOOKMARK [1][-]{section.5.5}{\376\377\000S\000t\000r\000e\000a\000m\000\040\000C\000l\000a\000s\000s\000\040\000R\000e\000f\000e\000r\000e\000n\000c\000e}{chapter.5}
\BOOKMARK [2][-]{subsection.5.5.1}{\376\377\000D\000e\000t\000a\000i\000l\000e\000d\000\040\000D\000e\000s\000c\000r\000i\000p\000t\000i\000o\000n}{section.5.5}
\BOOKMARK [2][-]{subsection.5.5.2}{\376\377\000C\000o\000n\000s\000t\000r\000u\000c\000t\000o\000r\000\040\000\046\000\040\000D\000e\000s\000t\000r\000u\000c\000t\000o\000r\000\040\000D\000o\000c\000u\000m\000e\000n\000t\000a\000t\000i\000o\000n}{section.5.5}
\BOOKMARK [3][-]{subsubsection.5.5.2.1}{\376\377\000S\000t\000r\000e\000a\000m}{subsection.5.5.2}
\BOOKMARK [3][-]{subsubsection.5.5.2.2}{\376\377\000S\000t\000r\000e\000a\000m}{subsection.5.5.2}
\BOOKMARK [2][-]{subsection.5.5.3}{\376\377\000M\000e\000m\000b\000e\000r\000\040\000F\000u\000n\000c\000t\000i\000o\000n\000\040\000D\000o\000c\000u\000m\000e\000n\000t\000a\000t\000i\000o\000n}{section.5.5}
\BOOKMARK [3][-]{subsubsection.5.5.3.1}{\376\377\000b\000e\000g\000i\000n\000S\000t\000r\000e\000a\000m\000i\000n\000g}{subsection.5.5.3}
\BOOKMARK [3][-]{subsubsection.5.5.3.2}{\376\377\000g\000e\000t\000E\000v\000e\000n\000t}{subsection.5.5.3}
\BOOKMARK [3][-]{subsubsection.5.5.3.3}{\376\377\000g\000e\000t\000I\000n\000s\000t\000a\000n\000c\000e}{subsection.5.5.3}
\BOOKMARK [3][-]{subsubsection.5.5.3.4}{\376\377\000g\000e\000t\000S\000t\000a\000t\000u\000s}{subsection.5.5.3}
\BOOKMARK [3][-]{subsubsection.5.5.3.5}{\376\377\000g\000e\000t\000T\000r\000a\000c\000k\000e\000r\000A\000d\000d\000r\000e\000s\000s}{subsection.5.5.3}
\BOOKMARK [3][-]{subsubsection.5.5.3.6}{\376\377\000i\000n\000i\000t}{subsection.5.5.3}
\BOOKMARK [3][-]{subsubsection.5.5.3.7}{\376\377\000r\000e\000a\000d\000S\000t\000r\000e\000a\000m\000i\000n\000g}{subsection.5.5.3}
\BOOKMARK [3][-]{subsubsection.5.5.3.8}{\376\377\000s\000e\000t\000S\000t\000a\000t\000u\000s}{subsection.5.5.3}
\BOOKMARK [3][-]{subsubsection.5.5.3.9}{\376\377\000s\000e\000t\000T\000r\000a\000c\000k\000e\000r}{subsection.5.5.3}
\BOOKMARK [3][-]{subsubsection.5.5.3.10}{\376\377\000s\000t\000a\000r\000t}{subsection.5.5.3}
\BOOKMARK [3][-]{subsubsection.5.5.3.11}{\376\377\000s\000t\000o\000p}{subsection.5.5.3}
\BOOKMARK [2][-]{subsection.5.5.4}{\376\377\000M\000e\000m\000b\000e\000r\000\040\000D\000a\000t\000a\000\040\000D\000o\000c\000u\000m\000e\000n\000t\000a\000t\000i\000o\000n}{section.5.5}
\BOOKMARK [3][-]{subsubsection.5.5.4.1}{\376\377\000\137\000e\000v\000c\000l\000o\000s\000e}{subsection.5.5.4}
\BOOKMARK [3][-]{subsubsection.5.5.4.2}{\376\377\000\137\000i\000n\000s\000t\000a\000n\000c\000e}{subsection.5.5.4}
\BOOKMARK [3][-]{subsubsection.5.5.4.3}{\376\377\000\137\000m\000u\000t\000e\000x}{subsection.5.5.4}
\BOOKMARK [3][-]{subsubsection.5.5.4.4}{\376\377\000\137\000s\000t\000r\000e\000a\000m\000i\000n\000g}{subsection.5.5.4}
\BOOKMARK [3][-]{subsubsection.5.5.4.5}{\376\377\000\137\000t\000r\000a\000c\000k\000e\000r}{subsection.5.5.4}
\BOOKMARK [1][-]{section.5.6}{\376\377\000D\000o\000w\000n\000l\000o\000a\000d\000:\000:\000t\000i\000m\000e\000\040\000S\000t\000r\000u\000c\000t\000\040\000R\000e\000f\000e\000r\000e\000n\000c\000e}{chapter.5}
\BOOKMARK [2][-]{subsection.5.6.1}{\376\377\000D\000e\000t\000a\000i\000l\000e\000d\000\040\000D\000e\000s\000c\000r\000i\000p\000t\000i\000o\000n}{section.5.6}
\BOOKMARK [2][-]{subsection.5.6.2}{\376\377\000M\000e\000m\000b\000e\000r\000\040\000D\000a\000t\000a\000\040\000D\000o\000c\000u\000m\000e\000n\000t\000a\000t\000i\000o\000n}{section.5.6}
\BOOKMARK [3][-]{subsubsection.5.6.2.1}{\376\377\000d\000a\000y\000s}{subsection.5.6.2}
\BOOKMARK [3][-]{subsubsection.5.6.2.2}{\376\377\000h\000o\000u\000r\000s}{subsection.5.6.2}
\BOOKMARK [3][-]{subsubsection.5.6.2.3}{\376\377\000m\000i\000n\000u\000t\000e\000s}{subsection.5.6.2}
\BOOKMARK [3][-]{subsubsection.5.6.2.4}{\376\377\000s\000e\000c\000o\000n\000d\000s}{subsection.5.6.2}
\BOOKMARK [0][-]{chapter.6}{\376\377\000F\000i\000l\000e\000\040\000D\000o\000c\000u\000m\000e\000n\000t\000a\000t\000i\000o\000n}{}
\BOOKMARK [1][-]{section.6.1}{\376\377\000i\000n\000c\000l\000u\000d\000e\000/\000D\000o\000w\000n\000l\000o\000a\000d\000.\000h\000\040\000F\000i\000l\000e\000\040\000R\000e\000f\000e\000r\000e\000n\000c\000e}{chapter.6}
\BOOKMARK [2][-]{subsection.6.1.1}{\376\377\000D\000e\000f\000i\000n\000e\000\040\000D\000o\000c\000u\000m\000e\000n\000t\000a\000t\000i\000o\000n}{section.6.1}
\BOOKMARK [3][-]{subsubsection.6.1.1.1}{\376\377\000S\000E\000C\000O\000N\000D\000S\000\137\000P\000E\000R\000\137\000D\000A\000Y}{subsection.6.1.1}
\BOOKMARK [3][-]{subsubsection.6.1.1.2}{\376\377\000S\000E\000C\000O\000N\000D\000S\000\137\000P\000E\000R\000\137\000H\000O\000U\000R}{subsection.6.1.1}
\BOOKMARK [3][-]{subsubsection.6.1.1.3}{\376\377\000S\000E\000C\000O\000N\000D\000S\000\137\000P\000E\000R\000\137\000M\000I\000N\000U\000T\000E}{subsection.6.1.1}
\BOOKMARK [2][-]{subsection.6.1.2}{\376\377\000E\000n\000u\000m\000e\000r\000a\000t\000i\000o\000n\000\040\000T\000y\000p\000e\000\040\000D\000o\000c\000u\000m\000e\000n\000t\000a\000t\000i\000o\000n}{section.6.1}
\BOOKMARK [3][-]{subsubsection.6.1.2.1}{\376\377\000S\000t\000a\000t\000u\000s}{subsection.6.1.2}
\BOOKMARK [1][-]{section.6.2}{\376\377\000i\000n\000c\000l\000u\000d\000e\000/\000D\000o\000w\000n\000l\000o\000a\000d\000M\000a\000n\000a\000g\000e\000r\000.\000h\000\040\000F\000i\000l\000e\000\040\000R\000e\000f\000e\000r\000e\000n\000c\000e}{chapter.6}
\BOOKMARK [1][-]{section.6.3}{\376\377\000i\000n\000c\000l\000u\000d\000e\000/\000E\000x\000c\000e\000p\000t\000i\000o\000n\000s\000.\000h\000\040\000F\000i\000l\000e\000\040\000R\000e\000f\000e\000r\000e\000n\000c\000e}{chapter.6}
\BOOKMARK [1][-]{section.6.4}{\376\377\000i\000n\000c\000l\000u\000d\000e\000/\000H\000t\000t\000p\000S\000e\000r\000v\000e\000r\000.\000h\000\040\000F\000i\000l\000e\000\040\000R\000e\000f\000e\000r\000e\000n\000c\000e}{chapter.6}
\BOOKMARK [1][-]{section.6.5}{\376\377\000i\000n\000c\000l\000u\000d\000e\000/\000S\000e\000a\000r\000c\000h\000E\000n\000g\000i\000n\000e\000.\000h\000\040\000F\000i\000l\000e\000\040\000R\000e\000f\000e\000r\000e\000n\000c\000e}{chapter.6}
\BOOKMARK [1][-]{section.6.6}{\376\377\000i\000n\000c\000l\000u\000d\000e\000/\000S\000t\000r\000e\000a\000m\000.\000h\000\040\000F\000i\000l\000e\000\040\000R\000e\000f\000e\000r\000e\000n\000c\000e}{chapter.6}
\BOOKMARK [1][-]{section.6.7}{\376\377\000s\000r\000c\000/\000D\000o\000w\000n\000l\000o\000a\000d\000.\000c\000p\000p\000\040\000F\000i\000l\000e\000\040\000R\000e\000f\000e\000r\000e\000n\000c\000e}{chapter.6}
\BOOKMARK [1][-]{section.6.8}{\376\377\000s\000r\000c\000/\000D\000o\000w\000n\000l\000o\000a\000d\000M\000a\000n\000a\000g\000e\000r\000.\000c\000p\000p\000\040\000F\000i\000l\000e\000\040\000R\000e\000f\000e\000r\000e\000n\000c\000e}{chapter.6}
\BOOKMARK [2][-]{subsection.6.8.1}{\376\377\000F\000u\000n\000c\000t\000i\000o\000n\000\040\000D\000o\000c\000u\000m\000e\000n\000t\000a\000t\000i\000o\000n}{section.6.8}
\BOOKMARK [3][-]{subsubsection.6.8.1.1}{\376\377\000d\000o\000w\000n\000l\000o\000a\000d\000C\000a\000l\000l\000b\000a\000c\000k}{subsection.6.8.1}
\BOOKMARK [1][-]{section.6.9}{\376\377\000s\000r\000c\000/\000H\000t\000t\000p\000S\000e\000r\000v\000e\000r\000.\000c\000p\000p\000\040\000F\000i\000l\000e\000\040\000R\000e\000f\000e\000r\000e\000n\000c\000e}{chapter.6}
\BOOKMARK [1][-]{section.6.10}{\376\377\000s\000r\000c\000/\000M\000a\000i\000n\000.\000c\000p\000p\000\040\000F\000i\000l\000e\000\040\000R\000e\000f\000e\000r\000e\000n\000c\000e}{chapter.6}
\BOOKMARK [2][-]{subsection.6.10.1}{\376\377\000F\000u\000n\000c\000t\000i\000o\000n\000\040\000D\000o\000c\000u\000m\000e\000n\000t\000a\000t\000i\000o\000n}{section.6.10}
\BOOKMARK [3][-]{subsubsection.6.10.1.1}{\376\377\000I\000n\000s\000t\000a\000l\000l\000H\000T\000T\000P\000G\000a\000t\000e\000w\000a\000y}{subsection.6.10.1}
\BOOKMARK [3][-]{subsubsection.6.10.1.2}{\376\377\000m\000a\000i\000n}{subsection.6.10.1}
\BOOKMARK [1][-]{section.6.11}{\376\377\000s\000r\000c\000/\000S\000e\000a\000r\000c\000h\000E\000n\000g\000i\000n\000e\000.\000c\000p\000p\000\040\000F\000i\000l\000e\000\040\000R\000e\000f\000e\000r\000e\000n\000c\000e}{chapter.6}
\BOOKMARK [1][-]{section.6.12}{\376\377\000s\000r\000c\000/\000S\000t\000r\000e\000a\000m\000.\000c\000p\000p\000\040\000F\000i\000l\000e\000\040\000R\000e\000f\000e\000r\000e\000n\000c\000e}{chapter.6}
\BOOKMARK [2][-]{subsection.6.12.1}{\376\377\000F\000u\000n\000c\000t\000i\000o\000n\000\040\000D\000o\000c\000u\000m\000e\000n\000t\000a\000t\000i\000o\000n}{section.6.12}
\BOOKMARK [3][-]{subsubsection.6.12.1.1}{\376\377\000c\000l\000o\000s\000e\000C\000a\000l\000l\000b\000a\000c\000k}{subsection.6.12.1}
